<?xml version="1.0" encoding="UTF-8"?>
<!-- Generated by org.testng.reporters.JUnitReportReporter -->
<testsuite hostname="LAPTOP-J81SHHRK" failures="0" tests="3" name="Practicing.SampleReportTest" time="0.023" errors="0" timestamp="2024-07-03T10:25:38 IST" skipped="0">
  <testcase classname="Practicing.SampleReportTest" name="createContactWithPhoneNumber" time="0.002"/>
  <testcase classname="Practicing.SampleReportTest" name="createContact" time="0.018"/>
  <testcase classname="Practicing.SampleReportTest" name="createContactWithOrg" time="0.003"/>
</testsuite> <!-- Practicing.SampleReportTest -->
