<?xml version="1.0" encoding="UTF-8"?>
<!-- Generated by org.testng.reporters.JUnitReportReporter -->
<testsuite hostname="LAPTOP-J81SHHRK" failures="0" tests="1" name="practice_basics.Date_Time" time="0.022" errors="0" timestamp="2025-06-04T16:38:37 IST" skipped="0">
  <testcase classname="practice_basics.Date_Time" name="exception" time="0.022"/>
</testsuite> <!-- practice_basics.Date_Time -->
