<?xml version="1.0" encoding="UTF-8"?>
<!-- Generated by org.testng.reporters.JUnitReportReporter -->
<testsuite hostname="LAPTOP-J81SHHRK" failures="0" tests="1" name="Poi_Basics.Working_With_Excelfile" time="0.890" errors="0" timestamp="2024-09-27T12:45:29 IST" skipped="0">
  <testcase classname="Poi_Basics.Working_With_Excelfile" name="Demo" time="0.890"/>
</testsuite> <!-- Poi_Basics.Working_With_Excelfile -->
