<?xml version="1.0" encoding="UTF-8"?>
<!-- Generated by org.testng.reporters.JUnitReportReporter -->
<testsuite hostname="LAPTOP-J81SHHRK" failures="0" tests="1" name="practice.datadriventesting.SampleUnitTestCheckProjectInBackEnd" time="0.587" errors="0" timestamp="2024-06-19T16:35:00 IST" skipped="0">
  <testcase classname="practice.datadriventesting.SampleUnitTestCheckProjectInBackEnd" name="projectCheckTest" time="0.587"/>
  <system-out/>
</testsuite> <!-- practice.datadriventesting.SampleUnitTestCheckProjectInBackEnd -->
