<?xml version="1.0" encoding="UTF-8"?>
<!-- Generated by org.testng.reporters.JUnitReportReporter -->
<testsuite hostname="LAPTOP-J81SHHRK" failures="0" tests="2" name="practice.HomeTest.HomePageVerification" time="15.971" errors="0" timestamp="2024-06-28T15:08:26 IST" skipped="0">
  <testcase classname="practice.HomeTest.HomePageVerification" name="homePageTest" time="9.585"/>
  <testcase classname="practice.HomeTest.HomePageVerification" name="verifyLogoHomePageTest" time="6.386"/>
</testsuite> <!-- practice.HomeTest.HomePageVerification -->
