<?xml version="1.0" encoding="UTF-8"?>
<!-- Generated by org.testng.reporters.JUnitReportReporter -->
<testsuite hostname="LAPTOP-J81SHHRK" failures="0" tests="1" name="practice.datadriventesting.ReadRuntimeMavenParameterTest" time="0.022" errors="0" timestamp="2024-10-04T12:30:46 IST" skipped="0">
  <testcase classname="practice.datadriventesting.ReadRuntimeMavenParameterTest" name="runtimeParameterTest" time="0.022"/>
</testsuite> <!-- practice.datadriventesting.ReadRuntimeMavenParameterTest -->
