<?xml version="1.0" encoding="UTF-8"?>
<!-- Generated by org.testng.reporters.JUnitReportReporter -->
<testsuite hostname="LAPTOP-J81SHHRK" failures="0" tests="1" name="practice.datadriventesting.ReadDataFromTextNgXmltest" time="0.016" errors="0" timestamp="2025-06-04T15:59:24 IST" skipped="0">
  <testcase classname="practice.datadriventesting.ReadDataFromTextNgXmltest" name="demo" time="0.016"/>
</testsuite> <!-- practice.datadriventesting.ReadDataFromTextNgXmltest -->
