<?xml version="1.0" encoding="UTF-8"?>
<!-- Generated by org.testng.reporters.JUnitReportReporter -->
<testsuite hostname="DESKTOP-0K174MB" failures="0" tests="1" name="Practicing.SampleReportTest" time="0.022" errors="0" timestamp="2025-07-18T14:55:50 IST" skipped="0">
  <testcase classname="Practicing.SampleReportTest" name="createContactWithOrg" time="0.022"/>
</testsuite> <!-- Practicing.SampleReportTest -->
