<?xml version="1.0" encoding="UTF-8"?>
<!-- Generated by org.testng.reporters.JUnitReportReporter -->
<testsuite hostname="LAPTOP-J81SHHRK" failures="0" tests="1" name="practice_basics.SampleTestForScreenShot" time="5.754" errors="0" timestamp="2024-06-29T11:29:45 IST" skipped="0">
  <testcase classname="practice_basics.SampleTestForScreenShot" name="amazonTest" time="5.754"/>
</testsuite> <!-- practice_basics.SampleTestForScreenShot -->
