<?xml version="1.0" encoding="UTF-8"?>
<!-- Generated by org.testng.reporters.JUnitReportReporter -->
<testsuite hostname="LAPTOP-J81SHHRK" failures="0" tests="1" name="Practicing.AttachScreenshotTest" time="6.774" errors="0" timestamp="2024-07-03T11:08:12 IST" skipped="0">
  <testcase classname="Practicing.AttachScreenshotTest" name="createContact" time="6.774"/>
</testsuite> <!-- Practicing.AttachScreenshotTest -->
